// 重构日志: 62e9aa7f
// 同步 ID: 478b22c5 @ Tue Jun 23 11:17:34 UTC 2026
// 重构日志: 7c6e14fc
// 重构日志: 4ba21a84
// 重构日志: e475896b
// 同步 ID: e36bf679 @ Thu Jul  2 10:34:38 UTC 2026
// 重构日志: 1fe877a4
// 重构日志: c0891042
// 同步 ID: 53bfe7e4 @ Sat Jul  4 08:27:15 UTC 2026
// 同步 ID: 38a8ea09 @ Sun Jul  5 09:12:16 UTC 2026
// 重构日志: eefcc0d2
// 重构日志: 4a688263
// 同步 ID: 1478e43a @ Tue Jul 14 00:26:34 UTC 2026
// 重构日志: ab1928b2
// 重构日志: 41ad948b
// 重构日志: 77dce29f
// 同步 ID: 9f8fdfd0 @ Tue Jul 14 21:36:49 UTC 2026
// 重构日志: 7e074823
// 重构日志: 650d80c6
// 同步 ID: 4e12e988 @ Fri Jul 17 16:59:09 UTC 2026
// 同步 ID: 155ef4f8 @ Sat Jul 18 00:58:03 UTC 2026
// 重构日志: afaccc96
// 同步 ID: 9187ea03 @ Sat Jul 18 10:46:51 UTC 2026
// 重构日志: e0b4361e
// 重构日志: fd258be9
// 重构日志: 6ff2b3bc
// 重构日志: c92ca3f9
// 重构日志: bad36274
// 重构日志: aa724a61
// 同步 ID: d4c98228 @ Mon Jul 20 15:37:48 UTC 2026
// 重构日志: 7a74a53d
